<?xml version="1.0" encoding="UTF-8"?>
<!-- Generated by org.testng.reporters.JUnitXMLReporter -->
<testsuite ignored="4" hostname="RameshCh" failures="0" tests="14" name="LinkedinTest" time="35.932" errors="0" timestamp="2022-12-07T19:36:53 MST">
  <testcase classname="com.qa.linkedin.testcases.LinkedinHomePageTest" name="verifyLinkedinHomePageTitleTest" time="0.059"/>
  <testcase classname="com.qa.linkedin.testcases.LinkedinHomePageTest" name="verifyLinkedinLogoTest" time="0.056"/>
  <testcase classname="com.qa.linkedin.testcases.LinkedinHomePageTest" name="validateSigninLinkTest" time="1.277"/>
  <testcase classname="com.qa.linkedin.testcases.LinkedinLoginPageTest" name="verifyLinkedinLoginPageTitleTest" time="0.016"/>
  <testcase classname="com.qa.linkedin.testcases.LinkedinLoginPageTest" name="verifyLinkedinSigninHeaderTest" time="0.081"/>
  <testcase classname="com.qa.linkedin.testcases.LinkedinLoginPageTest" name="doLoginTest" time="7.977"/>
  <testcase classname="com.qa.linkedin.testcases.LinkedinLoginPageTest" name="doLogOutTest" time="0.359"/>
  <testcase classname="com.qa.linkedin.testcases.LinkedinSearchResultsPageTest" name="verifyLinkedinFeedPageTitleTest" time="0.009"/>
  <testcase classname="com.qa.linkedin.testcases.LinkedinSearchResultsPageTest" name="verifyProfileRailCardTest" time="0.029"/>
  <testcase classname="com.qa.linkedin.testcases.LinkedinSearchResultsPageTest" name="doPeopleSearchTest" time="4.039"/>
  <testcase classname="com.qa.linkedin.testcases.LinkedinSearchResultsPageTest" name="doPeopleSearchTest" time="3.569"/>
  <testcase classname="com.qa.linkedin.testcases.LinkedinSearchResultsPageTest" name="doPeopleSearchTest" time="3.467"/>
  <testcase classname="com.qa.linkedin.testcases.LinkedinSearchResultsPageTest" name="doPeopleSearchTest" time="3.534"/>
  <testcase classname="com.qa.linkedin.testcases.LinkedinSearchResultsPageTest" name="doLogOutTest" time="0.269"/>
  <testcase classname="com.qa.linkedin.base.TestBase" name="@AfterSuite tearDown" time="0.0">
    <ignored/>
  </testcase> <!-- @AfterSuite tearDown -->
  <testcase classname="com.qa.linkedin.base.TestBase" name="@AfterSuite tearDown" time="0.0">
    <ignored/>
  </testcase> <!-- @AfterSuite tearDown -->
  <testcase classname="com.qa.linkedin.base.TestBase" name="@BeforeSuite setup" time="0.0">
    <ignored/>
  </testcase> <!-- @BeforeSuite setup -->
  <testcase classname="com.qa.linkedin.base.TestBase" name="@BeforeSuite setup" time="0.0">
    <ignored/>
  </testcase> <!-- @BeforeSuite setup -->
</testsuite> <!-- LinkedinTest -->
