<?xml version="1.0" encoding="UTF-8"?>
<!-- Generated by org.testng.reporters.JUnitXMLReporter -->
<testsuite ignored="4" hostname="RameshCh" failures="0" tests="14" name="LinkedinTest" time="34.573" errors="0" timestamp="2022-12-06T19:24:22 MST">
  <testcase classname="com.qa.linkedin.testcases.LinkedinHomePageTest" name="verifyLinkedinHomePageTitleTest" time="0.019"/>
  <testcase classname="com.qa.linkedin.testcases.LinkedinHomePageTest" name="verifyLinkedinLogoTest" time="0.083"/>
  <testcase classname="com.qa.linkedin.testcases.LinkedinHomePageTest" name="validateSigninLinkTest" time="0.937"/>
  <testcase classname="com.qa.linkedin.testcases.LinkedinLoginPageTest" name="verifyLinkedinLoginPageTitleTest" time="0.056"/>
  <testcase classname="com.qa.linkedin.testcases.LinkedinLoginPageTest" name="verifyLinkedinSigninHeaderTest" time="0.054"/>
  <testcase classname="com.qa.linkedin.testcases.LinkedinLoginPageTest" name="doLoginTest" time="7.642"/>
  <testcase classname="com.qa.linkedin.testcases.LinkedinLoginPageTest" name="doLogOutTest" time="0.353"/>
  <testcase classname="com.qa.linkedin.testcases.LinkedinSearchResultsPageTest" name="verifyLinkedinFeedPageTitleTest" time="0.015"/>
  <testcase classname="com.qa.linkedin.testcases.LinkedinSearchResultsPageTest" name="verifyProfileRailCardTest" time="0.049"/>
  <testcase classname="com.qa.linkedin.testcases.LinkedinSearchResultsPageTest" name="doPeopleSearchTest" time="3.847"/>
  <testcase classname="com.qa.linkedin.testcases.LinkedinSearchResultsPageTest" name="doPeopleSearchTest" time="3.604"/>
  <testcase classname="com.qa.linkedin.testcases.LinkedinSearchResultsPageTest" name="doPeopleSearchTest" time="3.511"/>
  <testcase classname="com.qa.linkedin.testcases.LinkedinSearchResultsPageTest" name="doPeopleSearchTest" time="3.656"/>
  <testcase classname="com.qa.linkedin.testcases.LinkedinSearchResultsPageTest" name="doLogOutTest" time="0.284"/>
  <testcase classname="com.qa.linkedin.base.TestBase" name="@AfterSuite tearDown" time="0.0">
    <ignored/>
  </testcase> <!-- @AfterSuite tearDown -->
  <testcase classname="com.qa.linkedin.base.TestBase" name="@AfterSuite tearDown" time="0.0">
    <ignored/>
  </testcase> <!-- @AfterSuite tearDown -->
  <testcase classname="com.qa.linkedin.base.TestBase" name="@BeforeSuite setup" time="0.0">
    <ignored/>
  </testcase> <!-- @BeforeSuite setup -->
  <testcase classname="com.qa.linkedin.base.TestBase" name="@BeforeSuite setup" time="0.0">
    <ignored/>
  </testcase> <!-- @BeforeSuite setup -->
</testsuite> <!-- LinkedinTest -->
