<?xml version="1.0" encoding="UTF-8"?>
<testsuite xmlns:xsi="http://www.w3.org/2001/XMLSchema-instance" xsi:schemaLocation="https://maven.apache.org/surefire/maven-surefire-plugin/xsd/surefire-test-report.xsd" name="TestSuite" time="44.421" tests="14" errors="0" skipped="0" failures="0">
  <properties>
[...]
</properties>
  <testcase name="verifyLinkedinHomePageTitleTest" classname="com.qa.linkedin.testcases.LinkedinHomePageTest" time="0.07"/>
  <testcase name="verifyLinkedinLogoTest" classname="com.qa.linkedin.testcases.LinkedinHomePageTest" time="0.055"/>
  <testcase name="validateSigninLinkTest" classname="com.qa.linkedin.testcases.LinkedinHomePageTest" time="1.28"/>
  <testcase name="verifyLinkedinLoginPageTitleTest" classname="com.qa.linkedin.testcases.LinkedinLoginPageTest" time="0.017"/>
  <testcase name="verifyLinkedinSigninHeaderTest" classname="com.qa.linkedin.testcases.LinkedinLoginPageTest" time="0.083"/>
  <testcase name="doLoginTest" classname="com.qa.linkedin.testcases.LinkedinLoginPageTest" time="7.978"/>
  <testcase name="doLogOutTest" classname="com.qa.linkedin.testcases.LinkedinLoginPageTest" time="0.359"/>
  <testcase name="verifyLinkedinFeedPageTitleTest" classname="com.qa.linkedin.testcases.LinkedinSearchResultsPageTest" time="0.009"/>
  <testcase name="verifyProfileRailCardTest" classname="com.qa.linkedin.testcases.LinkedinSearchResultsPageTest" time="0.03"/>
  <testcase name="doPeopleSearchTest" classname="com.qa.linkedin.testcases.LinkedinSearchResultsPageTest" time="4.041"/>
  <testcase name="doPeopleSearchTest" classname="com.qa.linkedin.testcases.LinkedinSearchResultsPageTest" time="3.569"/>
  <testcase name="doPeopleSearchTest" classname="com.qa.linkedin.testcases.LinkedinSearchResultsPageTest" time="3.468"/>
  <testcase name="doPeopleSearchTest" classname="com.qa.linkedin.testcases.LinkedinSearchResultsPageTest" time="3.534"/>
  <testcase name="doLogOutTest" classname="com.qa.linkedin.testcases.LinkedinSearchResultsPageTest" time="0.27"/>
</testsuite>